Waf: Entering directory `/home/ubuntu/ns-allinone-3.27/ns-3.27/build'
Waf: Leaving directory `/home/ubuntu/ns-allinone-3.27/ns-3.27/build'
Build commands will be stored in build/compile_commands.json
'build' finished successfully (0.890s)
TCP protocol: ns3::TcpBbr
Flow #: 10
Server to Router Bwdth: 10Gbps
Server to Router Delay: 10ms
Router to Client Bwdth: 10Gbps
Router to Client Delay: 10ms
Packet size (bytes): 1448
Router queue size: 1333
Creating nodes.
Installing Internet stack.
Creating channels.
Creating links.
Assigning IP Addresses.
Populating Routing Tables.
Creating applications.
 Static flow transmission...
Running simulation.
Simulation time: [0,5]
---------------- Start -----------------------
Time: 0 Goodput: 0 Throughput: 0 Queue: 0 Packet drop: 0
Time: 0.001 Goodput: 0 Throughput: 0 Queue: 0 Packet drop: 0
Time: 0.002 Goodput: 0 Throughput: 0 Queue: 0 Packet drop: 0
Time: 0.003 Goodput: 0 Throughput: 0 Queue: 0 Packet drop: 0
Time: 0.004 Goodput: 0 Throughput: 0 Queue: 0 Packet drop: 0
Time: 0.005 Goodput: 0 Throughput: 0 Queue: 0 Packet drop: 0
Time: 0.006 Goodput: 0 Throughput: 0 Queue: 0 Packet drop: 0
Time: 0.007 Goodput: 0 Throughput: 0 Queue: 0 Packet drop: 0
Time: 0.008 Goodput: 0 Throughput: 0 Queue: 0 Packet drop: 0
Time: 0.009 Goodput: 0 Throughput: 0 Queue: 0 Packet drop: 0
Time: 0.01 Goodput: 0 Throughput: 0 Queue: 0 Packet drop: 0
Time: 0.011 Goodput: 0 Throughput: 0 Queue: 0 Packet drop: 0
Time: 0.012 Goodput: 0 Throughput: 0 Queue: 0 Packet drop: 0
Time: 0.013 Goodput: 0 Throughput: 0 Queue: 0 Packet drop: 0
Time: 0.014 Goodput: 0 Throughput: 0 Queue: 0 Packet drop: 0
Time: 0.015 Goodput: 0 Throughput: 0 Queue: 0 Packet drop: 0
Time: 0.016 Goodput: 0 Throughput: 0 Queue: 0 Packet drop: 0
Time: 0.017 Goodput: 0 Throughput: 0 Queue: 0 Packet drop: 0
Time: 0.018 Goodput: 0 Throughput: 0 Queue: 0 Packet drop: 0
Time: 0.019 Goodput: 0 Throughput: 0 Queue: 0 Packet drop: 0
Time: 0.02 Goodput: 0 Throughput: 0 Queue: 0 Packet drop: 0
Time: 0.021 Goodput: 0 Throughput: 0 Queue: 0 Packet drop: 0
Time: 0.022 Goodput: 0 Throughput: 0 Queue: 0 Packet drop: 0
Time: 0.023 Goodput: 0 Throughput: 0 Queue: 0 Packet drop: 0
Time: 0.024 Goodput: 0 Throughput: 0 Queue: 0 Packet drop: 0
Time: 0.025 Goodput: 0 Throughput: 0 Queue: 0 Packet drop: 0
Time: 0.026 Goodput: 0 Throughput: 0 Queue: 0 Packet drop: 0
Time: 0.027 Goodput: 0 Throughput: 0 Queue: 0 Packet drop: 0
Time: 0.028 Goodput: 0 Throughput: 0 Queue: 0 Packet drop: 0
Time: 0.029 Goodput: 0 Throughput: 0 Queue: 0 Packet drop: 0
Time: 0.03 Goodput: 0 Throughput: 0 Queue: 0 Packet drop: 0
Time: 0.031 Goodput: 0 Throughput: 0 Queue: 0 Packet drop: 0
Time: 0.032 Goodput: 0 Throughput: 0 Queue: 0 Packet drop: 0
Time: 0.033 Goodput: 0 Throughput: 0 Queue: 0 Packet drop: 0
Time: 0.034 Goodput: 0 Throughput: 0 Queue: 0 Packet drop: 0
Time: 0.035 Goodput: 0 Throughput: 0 Queue: 0 Packet drop: 0
Time: 0.036 Goodput: 0 Throughput: 0 Queue: 0 Packet drop: 0
Time: 0.037 Goodput: 0 Throughput: 0 Queue: 0 Packet drop: 0
Time: 0.038 Goodput: 0 Throughput: 0 Queue: 0 Packet drop: 0
Time: 0.039 Goodput: 0 Throughput: 0 Queue: 0 Packet drop: 0
Time: 0.04 Goodput: 0 Throughput: 11.584 Queue: 0 Packet drop: 0
Time: 0.041 Goodput: 0 Throughput: 0 Queue: 0 Packet drop: 0
Time: 0.042 Goodput: 0 Throughput: 0 Queue: 0 Packet drop: 0
Time: 0.043 Goodput: 0 Throughput: 0 Queue: 0 Packet drop: 0
Time: 0.044 Goodput: 0 Throughput: 11.584 Queue: 0 Packet drop: 0
Time: 0.045 Goodput: 0 Throughput: 0 Queue: 0 Packet drop: 0
Time: 0.046 Goodput: 0 Throughput: 11.584 Queue: 0 Packet drop: 0
Time: 0.047 Goodput: 0 Throughput: 0 Queue: 0 Packet drop: 0
Time: 0.048 Goodput: 0 Throughput: 0 Queue: 0 Packet drop: 0
Time: 0.049 Goodput: 0 Throughput: 0 Queue: 0 Packet drop: 0
Time: 0.05 Goodput: 0 Throughput: 0 Queue: 0 Packet drop: 0
Time: 0.051 Goodput: 0 Throughput: 0 Queue: 0 Packet drop: 0
Time: 0.052 Goodput: 0 Throughput: 0 Queue: 0 Packet drop: 0
Time: 0.053 Goodput: 0 Throughput: 0 Queue: 0 Packet drop: 0
Time: 0.054 Goodput: 0 Throughput: 0 Queue: 0 Packet drop: 0
Time: 0.055 Goodput: 0 Throughput: 0 Queue: 0 Packet drop: 0
Time: 0.056 Goodput: 0 Throughput: 0 Queue: 0 Packet drop: 0
Time: 0.057 Goodput: 0 Throughput: 0 Queue: 0 Packet drop: 0
Time: 0.058 Goodput: 0 Throughput: 0 Queue: 0 Packet drop: 0
Time: 0.059 Goodput: 0 Throughput: 0 Queue: 0 Packet drop: 0
Time: 0.06 Goodput: 0 Throughput: 0 Queue: 0 Packet drop: 0
Time: 0.061 Goodput: 0 Throughput: 0 Queue: 0 Packet drop: 0
Time: 0.062 Goodput: 0 Throughput: 0 Queue: 0 Packet drop: 0
Time: 0.063 Goodput: 0 Throughput: 0 Queue: 0 Packet drop: 0
Time: 0.064 Goodput: 0 Throughput: 0 Queue: 0 Packet drop: 0
Time: 0.065 Goodput: 0 Throughput: 0 Queue: 0 Packet drop: 0
Time: 0.066 Goodput: 0 Throughput: 0 Queue: 0 Packet drop: 0
Time: 0.067 Goodput: 0 Throughput: 0 Queue: 0 Packet drop: 0
Time: 0.068 Goodput: 0 Throughput: 0 Queue: 0 Packet drop: 0
Time: 0.069 Goodput: 0 Throughput: 0 Queue: 0 Packet drop: 0
Time: 0.07 Goodput: 0 Throughput: 0 Queue: 0 Packet drop: 0
Time: 0.071 Goodput: 0 Throughput: 0 Queue: 0 Packet drop: 0
Time: 0.072 Goodput: 0 Throughput: 0 Queue: 0 Packet drop: 0
Time: 0.073 Goodput: 0 Throughput: 0 Queue: 0 Packet drop: 0
Time: 0.074 Goodput: 0 Throughput: 0 Queue: 0 Packet drop: 0
Time: 0.075 Goodput: 0 Throughput: 0 Queue: 0 Packet drop: 0
Time: 0.076 Goodput: 0 Throughput: 0 Queue: 0 Packet drop: 0
Time: 0.077 Goodput: 0 Throughput: 0 Queue: 0 Packet drop: 0
Time: 0.078 Goodput: 0 Throughput: 0 Queue: 0 Packet drop: 0
Time: 0.079 Goodput: 0 Throughput: 0 Queue: 0 Packet drop: 0
Time: 0.08 Goodput: 0 Throughput: 127.424 Queue: 0 Packet drop: 0
Time: 0.081 Goodput: 0 Throughput: 0 Queue: 0 Packet drop: 0
Time: 0.082 Goodput: 0 Throughput: 0 Queue: 0 Packet drop: 0
Time: 0.083 Goodput: 0 Throughput: 0 Queue: 0 Packet drop: 0
Time: 0.084 Goodput: 0 Throughput: 127.424 Queue: 0 Packet drop: 0
Time: 0.085 Goodput: 0 Throughput: 0 Queue: 0 Packet drop: 0
Time: 0.086 Goodput: 0 Throughput: 139.008 Queue: 0 Packet drop: 0
Time: 0.087 Goodput: 0 Throughput: 0 Queue: 0 Packet drop: 0
Time: 0.088 Goodput: 0 Throughput: 0 Queue: 0 Packet drop: 0
Time: 0.089 Goodput: 0 Throughput: 0 Queue: 0 Packet drop: 0
Time: 0.09 Goodput: 115.84 Throughput: 0 Queue: 0 Packet drop: 0
Time: 0.091 Goodput: 0 Throughput: 0 Queue: 0 Packet drop: 0
Time: 0.092 Goodput: 0 Throughput: 0 Queue: 0 Packet drop: 0
Time: 0.093 Goodput: 0 Throughput: 0 Queue: 0 Packet drop: 0
Time: 0.094 Goodput: 115.84 Throughput: 0 Queue: 0 Packet drop: 0
Time: 0.095 Goodput: 0 Throughput: 0 Queue: 0 Packet drop: 0
Time: 0.096 Goodput: 115.84 Throughput: 0 Queue: 0 Packet drop: 0
Time: 0.097 Goodput: 0 Throughput: 0 Queue: 0 Packet drop: 0
Time: 0.098 Goodput: 0 Throughput: 0 Queue: 0 Packet drop: 0
Time: 0.099 Goodput: 0 Throughput: 0 Queue: 0 Packet drop: 0
Time: 0.1 Goodput: 0 Throughput: 0 Queue: 0 Packet drop: 0
Time: 0.101 Goodput: 0 Throughput: 0 Queue: 0 Packet drop: 0
Time: 0.102 Goodput: 0 Throughput: 0 Queue: 0 Packet drop: 0
Time: 0.103 Goodput: 0 Throughput: 0 Queue: 0 Packet drop: 0
Time: 0.104 Goodput: 0 Throughput: 0 Queue: 0 Packet drop: 0
Time: 0.105 Goodput: 0 Throughput: 0 Queue: 0 Packet drop: 0
Time: 0.106 Goodput: 0 Throughput: 0 Queue: 0 Packet drop: 0
Time: 0.107 Goodput: 0 Throughput: 0 Queue: 0 Packet drop: 0
Time: 0.108 Goodput: 0 Throughput: 0 Queue: 0 Packet drop: 0
Time: 0.109 Goodput: 0 Throughput: 0 Queue: 0 Packet drop: 0
Time: 0.11 Goodput: 0 Throughput: 0 Queue: 0 Packet drop: 0
Time: 0.111 Goodput: 0 Throughput: 0 Queue: 0 Packet drop: 0
Time: 0.112 Goodput: 0 Throughput: 0 Queue: 0 Packet drop: 0
Time: 0.113 Goodput: 0 Throughput: 0 Queue: 0 Packet drop: 0
Time: 0.114 Goodput: 0 Throughput: 0 Queue: 0 Packet drop: 0
Time: 0.115 Goodput: 0 Throughput: 0 Queue: 0 Packet drop: 0
Time: 0.116 Goodput: 0 Throughput: 0 Queue: 0 Packet drop: 0
Time: 0.117 Goodput: 0 Throughput: 0 Queue: 0 Packet drop: 0
Time: 0.118 Goodput: 0 Throughput: 0 Queue: 0 Packet drop: 0
Time: 0.119 Goodput: 0 Throughput: 0 Queue: 0 Packet drop: 0
Time: 0.12 Goodput: 0 Throughput: 11.584 Queue: 0 Packet drop: 0
Time: 0.121 Goodput: 0 Throughput: 0 Queue: 0 Packet drop: 0
Time: 0.122 Goodput: 0 Throughput: 0 Queue: 0 Packet drop: 0
Time: 0.123 Goodput: 0 Throughput: 127.424 Queue: 0 Packet drop: 0
Time: 0.124 Goodput: 0 Throughput: 11.584 Queue: 0 Packet drop: 0
Time: 0.125 Goodput: 0 Throughput: 0 Queue: 0 Packet drop: 0
Time: 0.126 Goodput: 0 Throughput: 139.008 Queue: 0 Packet drop: 0
Time: 0.127 Goodput: 0 Throughput: 127.424 Queue: 0 Packet drop: 0
Time: 0.128 Goodput: 0 Throughput: 0 Queue: 0 Packet drop: 0
Time: 0.129 Goodput: 0 Throughput: 127.424 Queue: 0 Packet drop: 0
Time: 0.13 Goodput: 11.584 Throughput: 0 Queue: 0 Packet drop: 0
Time: 0.131 Goodput: 0 Throughput: 0 Queue: 0 Packet drop: 0
Time: 0.132 Goodput: 0 Throughput: 0 Queue: 0 Packet drop: 0
Time: 0.133 Goodput: 127.424 Throughput: 11.584 Queue: 0 Packet drop: 0
Time: 0.134 Goodput: 11.584 Throughput: 0 Queue: 0 Packet drop: 0
Time: 0.135 Goodput: 0 Throughput: 0 Queue: 0 Packet drop: 0
Time: 0.136 Goodput: 127.424 Throughput: 0 Queue: 0 Packet drop: 0
Time: 0.137 Goodput: 127.424 Throughput: 0 Queue: 0 Packet drop: 0
Time: 0.138 Goodput: 0 Throughput: 0 Queue: 0 Packet drop: 0
Time: 0.139 Goodput: 127.424 Throughput: 0 Queue: 0 Packet drop: 0
Time: 0.14 Goodput: 0 Throughput: 0 Queue: 0 Packet drop: 0
Time: 0.141 Goodput: 0 Throughput: 0 Queue: 0 Packet drop: 0
Time: 0.142 Goodput: 0 Throughput: 0 Queue: 0 Packet drop: 0
Time: 0.143 Goodput: 0 Throughput: 0 Queue: 0 Packet drop: 0
Time: 0.144 Goodput: 0 Throughput: 0 Queue: 0 Packet drop: 0
Time: 0.145 Goodput: 0 Throughput: 0 Queue: 0 Packet drop: 0
Time: 0.146 Goodput: 0 Throughput: 0 Queue: 0 Packet drop: 0
Time: 0.147 Goodput: 0 Throughput: 0 Queue: 0 Packet drop: 0
Time: 0.148 Goodput: 0 Throughput: 11.584 Queue: 0 Packet drop: 0
Time: 0.149 Goodput: 0 Throughput: 0 Queue: 0 Packet drop: 0
Time: 0.15 Goodput: 0 Throughput: 0 Queue: 0 Packet drop: 0
Time: 0.151 Goodput: 0 Throughput: 0 Queue: 0 Packet drop: 0
Time: 0.152 Goodput: 0 Throughput: 0 Queue: 0 Packet drop: 0
Time: 0.153 Goodput: 0 Throughput: 0 Queue: 0 Packet drop: 0
Time: 0.154 Goodput: 0 Throughput: 0 Queue: 0 Packet drop: 0
Time: 0.155 Goodput: 0 Throughput: 0 Queue: 0 Packet drop: 0
Time: 0.156 Goodput: 0 Throughput: 0 Queue: 0 Packet drop: 0
Time: 0.157 Goodput: 0 Throughput: 0 Queue: 0 Packet drop: 0
Time: 0.158 Goodput: 0 Throughput: 0 Queue: 0 Packet drop: 0
Time: 0.159 Goodput: 0 Throughput: 0 Queue: 0 Packet drop: 0
Time: 0.16 Goodput: 0 Throughput: 23.168 Queue: 0 Packet drop: 0
Time: 0.161 Goodput: 0 Throughput: 0 Queue: 0 Packet drop: 0
Time: 0.162 Goodput: 0 Throughput: 0 Queue: 0 Packet drop: 0
Time: 0.163 Goodput: 0 Throughput: 254.848 Queue: 0 Packet drop: 0
Time: 0.164 Goodput: 0 Throughput: 23.168 Queue: 0 Packet drop: 0
Time: 0.165 Goodput: 0 Throughput: 0 Queue: 0 Packet drop: 0
Time: 0.166 Goodput: 0 Throughput: 46.336 Queue: 0 Packet drop: 0
Time: 0.167 Goodput: 0 Throughput: 254.848 Queue: 0 Packet drop: 0
Time: 0.168 Goodput: 0 Throughput: 0 Queue: 0 Packet drop: 0
Time: 0.169 Goodput: 0 Throughput: 382.272 Queue: 0 Packet drop: 0
Time: 0.17 Goodput: 23.168 Throughput: 0 Queue: 0 Packet drop: 0
Time: 0.171 Goodput: 0 Throughput: 0 Queue: 0 Packet drop: 0
Time: 0.172 Goodput: 0 Throughput: 0 Queue: 0 Packet drop: 0
Time: 0.173 Goodput: 254.848 Throughput: 139.008 Queue: 0 Packet drop: 0
Time: 0.174 Goodput: 23.168 Throughput: 0 Queue: 0 Packet drop: 0
Time: 0.175 Goodput: 0 Throughput: 0 Queue: 0 Packet drop: 0
Time: 0.176 Goodput: 34.752 Throughput: 0 Queue: 0 Packet drop: 0
Time: 0.177 Goodput: 254.848 Throughput: 0 Queue: 0 Packet drop: 0
Time: 0.178 Goodput: 0 Throughput: 0 Queue: 0 Packet drop: 0
Time: 0.179 Goodput: 382.272 Throughput: 0 Queue: 0 Packet drop: 0
Time: 0.18 Goodput: 0 Throughput: 0 Queue: 0 Packet drop: 0
Time: 0.181 Goodput: 0 Throughput: 0 Queue: 0 Packet drop: 0
Time: 0.182 Goodput: 0 Throughput: 0 Queue: 0 Packet drop: 0
Time: 0.183 Goodput: 115.84 Throughput: 0 Queue: 0 Packet drop: 0
Time: 0.184 Goodput: 0 Throughput: 0 Queue: 0 Packet drop: 0
Time: 0.185 Goodput: 0 Throughput: 0 Queue: 0 Packet drop: 0
Time: 0.186 Goodput: 0 Throughput: 0 Queue: 0 Packet drop: 0
Time: 0.187 Goodput: 0 Throughput: 0 Queue: 0 Packet drop: 0
Time: 0.188 Goodput: 0 Throughput: 139.008 Queue: 0 Packet drop: 0
Time: 0.189 Goodput: 0 Throughput: 0 Queue: 0 Packet drop: 0
Time: 0.19 Goodput: 0 Throughput: 0 Queue: 0 Packet drop: 0
Time: 0.191 Goodput: 0 Throughput: 0 Queue: 0 Packet drop: 0
Time: 0.192 Goodput: 0 Throughput: 0 Queue: 0 Packet drop: 0
Time: 0.193 Goodput: 0 Throughput: 0 Queue: 0 Packet drop: 0
Time: 0.194 Goodput: 0 Throughput: 0 Queue: 0 Packet drop: 0
Time: 0.195 Goodput: 0 Throughput: 0 Queue: 0 Packet drop: 0
Time: 0.196 Goodput: 0 Throughput: 0 Queue: 0 Packet drop: 0
Time: 0.197 Goodput: 0 Throughput: 0 Queue: 0 Packet drop: 0
Time: 0.198 Goodput: 115.84 Throughput: 0 Queue: 0 Packet drop: 0
Time: 0.199 Goodput: 0 Throughput: 11.584 Queue: 0 Packet drop: 0
Time: 0.2 Goodput: 0 Throughput: 46.336 Queue: 0 Packet drop: 0
Time: 0.201 Goodput: 0 Throughput: 0 Queue: 0 Packet drop: 0
Time: 0.202 Goodput: 0 Throughput: 0 Queue: 0 Packet drop: 0
Time: 0.203 Goodput: 0 Throughput: 521.28 Queue: 0 Packet drop: 0
Time: 0.204 Goodput: 0 Throughput: 46.336 Queue: 0 Packet drop: 0
Time: 0.205 Goodput: 0 Throughput: 0 Queue: 0 Packet drop: 0
Time: 0.206 Goodput: 0 Throughput: 196.928 Queue: 0 Packet drop: 0
Time: 0.207 Goodput: 0 Throughput: 521.28 Queue: 0 Packet drop: 0
Time: 0.208 Goodput: 0 Throughput: 0 Queue: 0 Packet drop: 0
Time: 0.209 Goodput: 0 Throughput: 776.128 Queue: 0 Packet drop: 0
Time: 0.21 Goodput: 46.336 Throughput: 0 Queue: 0 Packet drop: 0
Time: 0.211 Goodput: 0 Throughput: 0 Queue: 0 Packet drop: 0
Time: 0.212 Goodput: 0 Throughput: 0 Queue: 0 Packet drop: 0
Time: 0.213 Goodput: 521.28 Throughput: 139.008 Queue: 0 Packet drop: 0
Time: 0.214 Goodput: 46.336 Throughput: 0 Queue: 0 Packet drop: 0
Time: 0.215 Goodput: 0 Throughput: 0 Queue: 0 Packet drop: 0
Time: 0.216 Goodput: 185.344 Throughput: 127.424 Queue: 0 Packet drop: 0
Time: 0.217 Goodput: 521.28 Throughput: 0 Queue: 0 Packet drop: 0
Time: 0.218 Goodput: 0 Throughput: 0 Queue: 0 Packet drop: 0
Time: 0.219 Goodput: 776.128 Throughput: 0 Queue: 0 Packet drop: 0
Time: 0.22 Goodput: 0 Throughput: 0 Queue: 0 Packet drop: 0
Time: 0.221 Goodput: 0 Throughput: 0 Queue: 0 Packet drop: 0
Time: 0.222 Goodput: 0 Throughput: 0 Queue: 0 Packet drop: 0
Time: 0.223 Goodput: 127.424 Throughput: 0 Queue: 0 Packet drop: 0
Time: 0.224 Goodput: 0 Throughput: 0 Queue: 0 Packet drop: 0
Time: 0.225 Goodput: 0 Throughput: 0 Queue: 0 Packet drop: 0
Time: 0.226 Goodput: 127.424 Throughput: 0 Queue: 0 Packet drop: 0
Time: 0.227 Goodput: 0 Throughput: 0 Queue: 0 Packet drop: 0
Time: 0.228 Goodput: 0 Throughput: 139.008 Queue: 0 Packet drop: 0
Time: 0.229 Goodput: 0 Throughput: 0 Queue: 0 Packet drop: 0
Time: 0.23 Goodput: 0 Throughput: 0 Queue: 0 Packet drop: 0
Time: 0.231 Goodput: 0 Throughput: 127.424 Queue: 0 Packet drop: 0
Time: 0.232 Goodput: 0 Throughput: 0 Queue: 0 Packet drop: 0
Time: 0.233 Goodput: 0 Throughput: 0 Queue: 0 Packet drop: 0
Time: 0.234 Goodput: 0 Throughput: 0 Queue: 0 Packet drop: 0
Time: 0.235 Goodput: 0 Throughput: 0 Queue: 0 Packet drop: 0
Time: 0.236 Goodput: 0 Throughput: 0 Queue: 0 Packet drop: 0
Time: 0.237 Goodput: 0 Throughput: 0 Queue: 0 Packet drop: 0
Time: 0.238 Goodput: 127.424 Throughput: 0 Queue: 0 Packet drop: 0
Time: 0.239 Goodput: 0 Throughput: 127.424 Queue: 0 Packet drop: 0
Time: 0.24 Goodput: 0 Throughput: 92.672 Queue: 0 Packet drop: 0
Time: 0.241 Goodput: 127.424 Throughput: 0 Queue: 0 Packet drop: 0
Time: 0.242 Goodput: 0 Throughput: 0 Queue: 0 Packet drop: 0
Time: 0.243 Goodput: 0 Throughput: 1065.73 Queue: 0 Packet drop: 0
Time: 0.244 Goodput: 0 Throughput: 92.672 Queue: 0 Packet drop: 0
Time: 0.245 Goodput: 0 Throughput: 0 Queue: 0 Packet drop: 0
Time: 0.246 Goodput: 0 Throughput: 150.592 Queue: 0 Packet drop: 0
Time: 0.247 Goodput: 0 Throughput: 1065.73 Queue: 0 Packet drop: 0
Time: 0.248 Goodput: 0 Throughput: 0 Queue: 0 Packet drop: 0
Time: 0.249 Goodput: 115.84 Throughput: 1714.43 Queue: 0 Packet drop: 0
Time: 0.25 Goodput: 92.672 Throughput: 0 Queue: 0 Packet drop: 0
Time: 0.251 Goodput: 0 Throughput: 0 Queue: 0 Packet drop: 0
Time: 0.252 Goodput: 0 Throughput: 0 Queue: 0 Packet drop: 0
Time: 0.253 Goodput: 1065.73 Throughput: 34.752 Queue: 0 Packet drop: 0
Time: 0.254 Goodput: 92.672 Throughput: 0 Queue: 0 Packet drop: 0
Time: 0.255 Goodput: 0 Throughput: 0 Queue: 0 Packet drop: 0
Time: 0.256 Goodput: 150.592 Throughput: 382.272 Queue: 0 Packet drop: 0
Time: 0.257 Goodput: 1065.73 Throughput: 0 Queue: 0 Packet drop: 0
Time: 0.258 Goodput: 0 Throughput: 0 Queue: 0 Packet drop: 0
Time: 0.259 Goodput: 1714.43 Throughput: 0 Queue: 0 Packet drop: 0
Time: 0.26 Goodput: 0 Throughput: 0 Queue: 0 Packet drop: 0
Time: 0.261 Goodput: 0 Throughput: 0 Queue: 0 Packet drop: 0
Time: 0.262 Goodput: 0 Throughput: 0 Queue: 0 Packet drop: 0
Time: 0.263 Goodput: 34.752 Throughput: 0 Queue: 0 Packet drop: 0
Time: 0.264 Goodput: 0 Throughput: 0 Queue: 0 Packet drop: 0
Time: 0.265 Goodput: 0 Throughput: 0 Queue: 0 Packet drop: 0
Time: 0.266 Goodput: 382.272 Throughput: 0 Queue: 0 Packet drop: 0
Time: 0.267 Goodput: 0 Throughput: 0 Queue: 0 Packet drop: 0
Time: 0.268 Goodput: 0 Throughput: 34.752 Queue: 0 Packet drop: 0
Time: 0.269 Goodput: 0 Throughput: 0 Queue: 0 Packet drop: 0
Time: 0.27 Goodput: 0 Throughput: 0 Queue: 0 Packet drop: 0
Time: 0.271 Goodput: 0 Throughput: 382.272 Queue: 0 Packet drop: 0
Time: 0.272 Goodput: 0 Throughput: 0 Queue: 0 Packet drop: 0
Time: 0.273 Goodput: 0 Throughput: 0 Queue: 0 Packet drop: 0
Time: 0.274 Goodput: 0 Throughput: 0 Queue: 0 Packet drop: 0
Time: 0.275 Goodput: 0 Throughput: 0 Queue: 0 Packet drop: 0
Time: 0.276 Goodput: 0 Throughput: 0 Queue: 0 Packet drop: 0
Time: 0.277 Goodput: 0 Throughput: 0 Queue: 0 Packet drop: 0
Time: 0.278 Goodput: 34.752 Throughput: 0 Queue: 0 Packet drop: 0
Time: 0.279 Goodput: 0 Throughput: 11.584 Queue: 0 Packet drop: 0
Time: 0.28 Goodput: 0 Throughput: 115.84 Queue: 0 Packet drop: 0
Time: 0.281 Goodput: 382.272 Throughput: 196.928 Queue: 0 Packet drop: 0
Time: 0.282 Goodput: 0 Throughput: 0 Queue: 0 Packet drop: 0
Time: 0.283 Goodput: 0 Throughput: 880.384 Queue: 0 Packet drop: 0
Time: 0.284 Goodput: 0 Throughput: 1482.75 Queue: 0 Packet drop: 0
Time: 0.285 Goodput: 0 Throughput: 0 Queue: 0 Packet drop: 0
Time: 0.286 Goodput: 0 Throughput: 301.184 Queue: 0 Packet drop: 0
Time: 0.287 Goodput: 0 Throughput: 2177.79 Queue: 0 Packet drop: 0
Time: 0.288 Goodput: 0 Throughput: 0 Queue: 0 Packet drop: 0
Time: 0.289 Goodput: 11.584 Throughput: 2896 Queue: 0 Packet drop: 0
Time: 0.29 Goodput: 104.256 Throughput: 602.368 Queue: 0 Packet drop: 0
Time: 0.291 Goodput: 208.512 Throughput: 0 Queue: 0 Packet drop: 0
Time: 0.292 Goodput: 0 Throughput: 0 Queue: 0 Packet drop: 0
Time: 0.293 Goodput: 880.384 Throughput: 69.504 Queue: 0 Packet drop: 0
Time: 0.294 Goodput: 1482.75 Throughput: 0 Queue: 0 Packet drop: 0
Time: 0.295 Goodput: 0 Throughput: 0 Queue: 0 Packet drop: 0
Time: 0.296 Goodput: 301.184 Throughput: 776.128 Queue: 0 Packet drop: 0
Time: 0.297 Goodput: 2177.79 Throughput: 0 Queue: 0 Packet drop: 0
Time: 0.298 Goodput: 0 Throughput: 0 Queue: 0 Packet drop: 0
Time: 0.299 Goodput: 2896 Throughput: 0 Queue: 0 Packet drop: 0
Time: 0.3 Goodput: 602.368 Throughput: 0 Queue: 0 Packet drop: 0
Time: 0.301 Goodput: 0 Throughput: 0 Queue: 0 Packet drop: 0
Time: 0.302 Goodput: 0 Throughput: 0 Queue: 0 Packet drop: 0
Time: 0.303 Goodput: 69.504 Throughput: 0 Queue: 0 Packet drop: 0
Time: 0.304 Goodput: 0 Throughput: 0 Queue: 0 Packet drop: 0
Time: 0.305 Goodput: 0 Throughput: 0 Queue: 0 Packet drop: 0
Time: 0.306 Goodput: 776.128 Throughput: 0 Queue: 0 Packet drop: 0
Time: 0.307 Goodput: 0 Throughput: 0 Queue: 0 Packet drop: 0
Time: 0.308 Goodput: 0 Throughput: 69.504 Queue: 0 Packet drop: 0
Time: 0.309 Goodput: 0 Throughput: 0 Queue: 0 Packet drop: 0
Time: 0.31 Goodput: 0 Throughput: 0 Queue: 0 Packet drop: 0
Time: 0.311 Goodput: 0 Throughput: 776.128 Queue: 0 Packet drop: 0
Time: 0.312 Goodput: 0 Throughput: 0 Queue: 0 Packet drop: 0
Time: 0.313 Goodput: 0 Throughput: 0 Queue: 0 Packet drop: 0
Time: 0.314 Goodput: 0 Throughput: 0 Queue: 0 Packet drop: 0
Time: 0.315 Goodput: 0 Throughput: 0 Queue: 0 Packet drop: 0
Time: 0.316 Goodput: 0 Throughput: 0 Queue: 0 Packet drop: 0
Time: 0.317 Goodput: 0 Throughput: 0 Queue: 0 Packet drop: 0
Time: 0.318 Goodput: 69.504 Throughput: 0 Queue: 0 Packet drop: 0
Time: 0.319 Goodput: 0 Throughput: 23.168 Queue: 0 Packet drop: 0
Time: 0.32 Goodput: 0 Throughput: 208.512 Queue: 0 Packet drop: 0
Time: 0.321 Goodput: 776.128 Throughput: 417.024 Queue: 0 Packet drop: 0
Time: 0.322 Goodput: 0 Throughput: 0 Queue: 0 Packet drop: 0
Time: 0.323 Goodput: 0 Throughput: 1772.35 Queue: 0 Packet drop: 0
Time: 0.324 Goodput: 0 Throughput: 3035.01 Queue: 0 Packet drop: 0
Time: 0.325 Goodput: 0 Throughput: 0 Queue: 0 Packet drop: 0
Time: 0.326 Goodput: 0 Throughput: 602.368 Queue: 0 Packet drop: 0
Time: 0.327 Goodput: 0 Throughput: 4436.67 Queue: 0 Packet drop: 0
Time: 0.328 Goodput: 0 Throughput: 0 Queue: 0 Packet drop: 0
Time: 0.329 Goodput: 23.168 Throughput: 5618.24 Queue: 9 Packet drop: 0
Time: 0.33 Goodput: 196.928 Throughput: 1517.5 Queue: 0 Packet drop: 0
Time: 0.331 Goodput: 428.608 Throughput: 0 Queue: 0 Packet drop: 0
Time: 0.332 Goodput: 0 Throughput: 0 Queue: 0 Packet drop: 0
Time: 0.333 Goodput: 1772.35 Throughput: 139.008 Queue: 0 Packet drop: 0
Time: 0.334 Goodput: 3035.01 Throughput: 0 Queue: 0 Packet drop: 0
Time: 0.335 Goodput: 0 Throughput: 0 Queue: 0 Packet drop: 0
Time: 0.336 Goodput: 602.368 Throughput: 1587.01 Queue: 0 Packet drop: 0
Time: 0.337 Goodput: 4436.67 Throughput: 0 Queue: 0 Packet drop: 0
Time: 0.338 Goodput: 0 Throughput: 0 Queue: 0 Packet drop: 0
Time: 0.339 Goodput: 5490.82 Throughput: 0 Queue: 0 Packet drop: 0
Time: 0.34 Goodput: 1644.93 Throughput: 0 Queue: 0 Packet drop: 0
Time: 0.341 Goodput: 0 Throughput: 0 Queue: 0 Packet drop: 0
Time: 0.342 Goodput: 0 Throughput: 0 Queue: 0 Packet drop: 0
Time: 0.343 Goodput: 139.008 Throughput: 0 Queue: 0 Packet drop: 0
Time: 0.344 Goodput: 0 Throughput: 0 Queue: 0 Packet drop: 0
Time: 0.345 Goodput: 0 Throughput: 0 Queue: 0 Packet drop: 0
Time: 0.346 Goodput: 1587.01 Throughput: 0 Queue: 0 Packet drop: 0
Time: 0.347 Goodput: 0 Throughput: 0 Queue: 0 Packet drop: 0
Time: 0.348 Goodput: 0 Throughput: 139.008 Queue: 0 Packet drop: 0
Time: 0.349 Goodput: 0 Throughput: 0 Queue: 0 Packet drop: 0
Time: 0.35 Goodput: 0 Throughput: 0 Queue: 0 Packet drop: 0
Time: 0.351 Goodput: 0 Throughput: 1587.01 Queue: 0 Packet drop: 0
Time: 0.352 Goodput: 0 Throughput: 0 Queue: 0 Packet drop: 0
Time: 0.353 Goodput: 0 Throughput: 0 Queue: 0 Packet drop: 0
Time: 0.354 Goodput: 0 Throughput: 0 Queue: 0 Packet drop: 0
Time: 0.355 Goodput: 0 Throughput: 0 Queue: 0 Packet drop: 0
Time: 0.356 Goodput: 0 Throughput: 0 Queue: 0 Packet drop: 0
Time: 0.357 Goodput: 0 Throughput: 0 Queue: 0 Packet drop: 0
Time: 0.358 Goodput: 139.008 Throughput: 0 Queue: 0 Packet drop: 0
Time: 0.359 Goodput: 0 Throughput: 46.336 Queue: 0 Packet drop: 0
Time: 0.36 Goodput: 0 Throughput: 243.264 Queue: 0 Packet drop: 0
Time: 0.361 Goodput: 1587.01 Throughput: 1030.98 Queue: 0 Packet drop: 0
Time: 0.362 Goodput: 0 Throughput: 0 Queue: 0 Packet drop: 0
Time: 0.363 Goodput: 0 Throughput: 2490.56 Queue: 0 Packet drop: 0
Time: 0.364 Goodput: 0 Throughput: 7297.92 Queue: 0 Packet drop: 0
Time: 0.365 Goodput: 0 Throughput: 0 Queue: 0 Packet drop: 0
Time: 0.366 Goodput: 0 Throughput: 1216.32 Queue: 0 Packet drop: 0
Time: 0.367 Goodput: 0 Throughput: 7541.18 Queue: 0 Packet drop: 0
Time: 0.368 Goodput: 0 Throughput: 1494.34 Queue: 0 Packet drop: 0
Time: 0.369 Goodput: 46.336 Throughput: 6602.88 Queue: 250 Packet drop: 0
Time: 0.37 Goodput: 231.68 Throughput: 7935.04 Queue: 0 Packet drop: 0
Time: 0.371 Goodput: 1042.56 Throughput: 0 Queue: 0 Packet drop: 0
Time: 0.372 Goodput: 0 Throughput: 0 Queue: 0 Packet drop: 0
Time: 0.373 Goodput: 2478.98 Throughput: 278.016 Queue: 0 Packet drop: 0
Time: 0.374 Goodput: 7309.5 Throughput: 0 Queue: 0 Packet drop: 0
Time: 0.375 Goodput: 0 Throughput: 0 Queue: 0 Packet drop: 0
Time: 0.376 Goodput: 1216.32 Throughput: 3243.52 Queue: 0 Packet drop: 0
Time: 0.377 Goodput: 7529.6 Throughput: 0 Queue: 0 Packet drop: 0
Time: 0.378 Goodput: 1505.92 Throughput: 0 Queue: 0 Packet drop: 0
Time: 0.379 Goodput: 6475.46 Throughput: 0 Queue: 0 Packet drop: 0
Time: 0.38 Goodput: 8062.46 Throughput: 0 Queue: 0 Packet drop: 0
Time: 0.381 Goodput: 0 Throughput: 0 Queue: 0 Packet drop: 0
Time: 0.382 Goodput: 0 Throughput: 0 Queue: 0 Packet drop: 0
Time: 0.383 Goodput: 278.016 Throughput: 0 Queue: 0 Packet drop: 0
Time: 0.384 Goodput: 0 Throughput: 0 Queue: 0 Packet drop: 0
Time: 0.385 Goodput: 0 Throughput: 0 Queue: 0 Packet drop: 0
Time: 0.386 Goodput: 3243.52 Throughput: 0 Queue: 0 Packet drop: 0
Time: 0.387 Goodput: 0 Throughput: 0 Queue: 0 Packet drop: 0
Time: 0.388 Goodput: 0 Throughput: 278.016 Queue: 0 Packet drop: 0
Time: 0.389 Goodput: 0 Throughput: 0 Queue: 0 Packet drop: 0
Time: 0.39 Goodput: 0 Throughput: 0 Queue: 0 Packet drop: 0
Time: 0.391 Goodput: 0 Throughput: 2282.05 Queue: 0 Packet drop: 0
Time: 0.392 Goodput: 0 Throughput: 961.472 Queue: 0 Packet drop: 0
Time: 0.393 Goodput: 0 Throughput: 0 Queue: 0 Packet drop: 0
Time: 0.394 Goodput: 0 Throughput: 0 Queue: 0 Packet drop: 0
Time: 0.395 Goodput: 0 Throughput: 0 Queue: 0 Packet drop: 0
Time: 0.396 Goodput: 0 Throughput: 0 Queue: 0 Packet drop: 0
Time: 0.397 Goodput: 0 Throughput: 0 Queue: 0 Packet drop: 0
Time: 0.398 Goodput: 278.016 Throughput: 0 Queue: 0 Packet drop: 0
Time: 0.399 Goodput: 0 Throughput: 92.672 Queue: 0 Packet drop: 0
Time: 0.4 Goodput: 0 Throughput: 220.096 Queue: 0 Packet drop: 0
Time: 0.401 Goodput: 2270.46 Throughput: 1841.86 Queue: 0 Packet drop: 0
Time: 0.402 Goodput: 973.056 Throughput: 532.864 Queue: 0 Packet drop: 0
Time: 0.403 Goodput: 0 Throughput: 2455.81 Queue: 0 Packet drop: 0
Time: 0.404 Goodput: 0 Throughput: 9765.31 Queue: 122 Packet drop: 0
Time: 0.405 Goodput: 0 Throughput: 7703.36 Queue: 0 Packet drop: 0
Time: 0.406 Goodput: 0 Throughput: 2467.39 Queue: 0 Packet drop: 0
Time: 0.407 Goodput: 0 Throughput: 7506.43 Queue: 0 Packet drop: 0
Time: 0.408 Goodput: 0 Throughput: 9649.47 Queue: 0 Packet drop: 0
Time: 0.409 Goodput: 92.672 Throughput: 7738.11 Queue: 487 Packet drop: 0
Time: 0.41 Goodput: 208.512 Throughput: 9649.47 Queue: 792 Packet drop: 0
Time: 0.411 Goodput: 1841.86 Throughput: 9649.47 Queue: 329 Packet drop: 0
Time: 0.412 Goodput: 544.448 Throughput: 3811.14 Queue: 0 Packet drop: 0
Time: 0.413 Goodput: 2444.22 Throughput: 556.032 Queue: 0 Packet drop: 0
Time: 0.414 Goodput: 9649.47 Throughput: 0 Queue: 0 Packet drop: 0
Time: 0.415 Goodput: 7830.78 Throughput: 0 Queue: 0 Packet drop: 0
Time: 0.416 Goodput: 2467.39 Throughput: 5548.74 Queue: 0 Packet drop: 0
Time: 0.417 Goodput: 7494.85 Throughput: 1065.73 Queue: 0 Packet drop: 0
Time: 0.418 Goodput: 9649.47 Throughput: 0 Queue: 0 Packet drop: 0
Time: 0.419 Goodput: 7622.27 Throughput: 0 Queue: 0 Packet drop: 0
Time: 0.42 Goodput: 9649.47 Throughput: 0 Queue: 0 Packet drop: 0
Time: 0.421 Goodput: 9649.47 Throughput: 0 Queue: 0 Packet drop: 0
Time: 0.422 Goodput: 3938.56 Throughput: 0 Queue: 0 Packet drop: 0
Time: 0.423 Goodput: 556.032 Throughput: 0 Queue: 0 Packet drop: 0
Time: 0.424 Goodput: 0 Throughput: 0 Queue: 0 Packet drop: 0
Time: 0.425 Goodput: 0 Throughput: 0 Queue: 0 Packet drop: 0
Time: 0.426 Goodput: 5537.15 Throughput: 0 Queue: 0 Packet drop: 0
Time: 0.427 Goodput: 1077.31 Throughput: 0 Queue: 0 Packet drop: 0
Time: 0.428 Goodput: 0 Throughput: 556.032 Queue: 0 Packet drop: 0
Time: 0.429 Goodput: 0 Throughput: 0 Queue: 0 Packet drop: 0
Time: 0.43 Goodput: 0 Throughput: 0 Queue: 0 Packet drop: 0
Time: 0.431 Goodput: 0 Throughput: 3266.69 Queue: 20 Packet drop: 0
Time: 0.432 Goodput: 0 Throughput: 3347.78 Queue: 0 Packet drop: 0
Time: 0.433 Goodput: 0 Throughput: 0 Queue: 0 Packet drop: 0
Time: 0.434 Goodput: 0 Throughput: 0 Queue: 0 Packet drop: 0
Time: 0.435 Goodput: 0 Throughput: 0 Queue: 0 Packet drop: 0
Time: 0.436 Goodput: 0 Throughput: 0 Queue: 0 Packet drop: 0
Time: 0.437 Goodput: 0 Throughput: 0 Queue: 0 Packet drop: 0
Time: 0.438 Goodput: 556.032 Throughput: 0 Queue: 0 Packet drop: 0
Time: 0.439 Goodput: 0 Throughput: 185.344 Queue: 0 Packet drop: 0
Time: 0.44 Goodput: 0 Throughput: 185.344 Queue: 0 Packet drop: 0
Time: 0.441 Goodput: 3139.26 Throughput: 3104.51 Queue: 0 Packet drop: 0
Time: 0.442 Goodput: 3475.2 Throughput: 2004.03 Queue: 0 Packet drop: 0
Time: 0.443 Goodput: 0 Throughput: 2432.64 Queue: 0 Packet drop: 0
Time: 0.444 Goodput: 0 Throughput: 9753.73 Queue: 259 Packet drop: 0
Time: 0.445 Goodput: 0 Throughput: 9649.47 Queue: 259 Packet drop: 0
Time: 0.446 Goodput: 0 Throughput: 9649.47 Queue: 613 Packet drop: 0
Time: 0.447 Goodput: 0 Throughput: 9637.89 Queue: 1031 Packet drop: 0
Time: 0.448 Goodput: 0 Throughput: 9649.47 Queue: 1030 Packet drop: 0
Time: 0.449 Goodput: 185.344 Throughput: 9649.47 Queue: 1332 Packet drop: 784
Time: 0.45 Goodput: 173.76 Throughput: 9637.89 Queue: 1333 Packet drop: 2446
Time: 0.451 Goodput: 3116.1 Throughput: 9649.47 Queue: 1332 Packet drop: 2852
Time: 0.452 Goodput: 2004.03 Throughput: 9649.47 Queue: 1332 Packet drop: 2852
Time: 0.453 Goodput: 2421.06 Throughput: 9637.89 Queue: 1006 Packet drop: 2917
Time: 0.454 Goodput: 9637.89 Throughput: 9649.47 Queue: 173 Packet drop: 2917
Time: 0.455 Goodput: 9649.47 Throughput: 2004.03 Queue: 0 Packet drop: 2917
Time: 0.456 Goodput: 9649.47 Throughput: 7668.61 Queue: 184 Packet drop: 2917
Time: 0.457 Goodput: 9637.89 Throughput: 5803.58 Queue: 0 Packet drop: 2917
Time: 0.458 Goodput: 9649.47 Throughput: 0 Queue: 0 Packet drop: 2917
Time: 0.459 Goodput: 9649.47 Throughput: 0 Queue: 0 Packet drop: 2917
Time: 0.46 Goodput: 9637.89 Throughput: 0 Queue: 0 Packet drop: 2917
Time: 0.461 Goodput: 1992.45 Throughput: 0 Queue: 0 Packet drop: 2917
Time: 0.462 Goodput: 0 Throughput: 0 Queue: 0 Packet drop: 2917
Time: 0.463 Goodput: 0 Throughput: 0 Queue: 0 Packet drop: 2917
Time: 0.464 Goodput: 0 Throughput: 0 Queue: 0 Packet drop: 2917
Time: 0.465 Goodput: 1123.65 Throughput: 0 Queue: 0 Packet drop: 2917
Time: 0.466 Goodput: 7541.18 Throughput: 0 Queue: 0 Packet drop: 2917
Time: 0.467 Goodput: 5931.01 Throughput: 0 Queue: 0 Packet drop: 2917
Time: 0.468 Goodput: 0 Throughput: 1123.65 Queue: 0 Packet drop: 2917
Time: 0.469 Goodput: 0 Throughput: 0 Queue: 0 Packet drop: 2917
Time: 0.47 Goodput: 0 Throughput: 0 Queue: 0 Packet drop: 2917
Time: 0.471 Goodput: 0 Throughput: 3556.29 Queue: 154 Packet drop: 2917
Time: 0.472 Goodput: 0 Throughput: 9637.89 Queue: 24 Packet drop: 2917
Time: 0.473 Goodput: 0 Throughput: 278.016 Queue: 0 Packet drop: 2917
Time: 0.474 Goodput: 0 Throughput: 0 Queue: 0 Packet drop: 2917
Time: 0.475 Goodput: 0 Throughput: 0 Queue: 0 Packet drop: 2917
Time: 0.476 Goodput: 0 Throughput: 0 Queue: 0 Packet drop: 2917
Time: 0.477 Goodput: 0 Throughput: 0 Queue: 0 Packet drop: 2917
Time: 0.478 Goodput: 1123.65 Throughput: 0 Queue: 0 Packet drop: 2917
Time: 0.479 Goodput: 0 Throughput: 370.688 Queue: 0 Packet drop: 2917
Time: 0.48 Goodput: 0 Throughput: 115.84 Queue: 0 Packet drop: 2917
Time: 0.481 Goodput: 3428.86 Throughput: 6579.71 Queue: 0 Packet drop: 2917
Time: 0.482 Goodput: 9637.89 Throughput: 4089.15 Queue: 0 Packet drop: 2917
Time: 0.483 Goodput: 405.44 Throughput: 1795.52 Queue: 0 Packet drop: 2917
Time: 0.484 Goodput: 0 Throughput: 8653.25 Queue: 325 Packet drop: 2917
Time: 0.485 Goodput: 0 Throughput: 9637.89 Queue: 219 Packet drop: 2917
Time: 0.486 Goodput: 0 Throughput: 9649.47 Queue: 75 Packet drop: 2917
Time: 0.487 Goodput: 0 Throughput: 9649.47 Queue: 587 Packet drop: 2917
Time: 0.488 Goodput: 0 Throughput: 9637.89 Queue: 1251 Packet drop: 2917
Time: 0.489 Goodput: 370.688 Throughput: 9649.47 Queue: 1333 Packet drop: 3459
Time: 0.49 Goodput: 104.256 Throughput: 9649.47 Queue: 1332 Packet drop: 4522
Time: 0.491 Goodput: 6579.71 Throughput: 9637.89 Queue: 1333 Packet drop: 5710
Time: 0.492 Goodput: 4100.74 Throughput: 9649.47 Queue: 1332 Packet drop: 7106
Time: 0.493 Goodput: 1795.52 Throughput: 9649.47 Queue: 1333 Packet drop: 8530
Time: 0.494 Goodput: 5571.9 Throughput: 9637.89 Queue: 1307 Packet drop: 9261
Time: 0.495 Goodput: 6243.78 Throughput: 9649.47 Queue: 1179 Packet drop: 9378
Time: 0.496 Goodput: 8931.26 Throughput: 9649.47 Queue: 1332 Packet drop: 9885
Time: 0.497 Goodput: 4737.86 Throughput: 9637.89 Queue: 1333 Packet drop: 10994
Time: 0.498 Goodput: 4483.01 Throughput: 9649.47 Queue: 606 Packet drop: 10994
Time: 0.499 Goodput: 4089.15 Throughput: 7019.9 Queue: 0 Packet drop: 10994
Time: 0.5 Goodput: 3081.34 Throughput: 0 Queue: 0 Packet drop: 10994
Time: 0.501 Goodput: 0 Throughput: 0 Queue: 0 Packet drop: 10994
Time: 0.502 Goodput: 0 Throughput: 0 Queue: 0 Packet drop: 10994
Time: 0.503 Goodput: 0 Throughput: 0 Queue: 0 Packet drop: 10994
Time: 0.504 Goodput: 11.584 Throughput: 0 Queue: 0 Packet drop: 10994
Time: 0.505 Goodput: 0 Throughput: 0 Queue: 0 Packet drop: 10994
Time: 0.506 Goodput: 625.536 Throughput: 0 Queue: 0 Packet drop: 10994
Time: 0.507 Goodput: 0 Throughput: 0 Queue: 0 Packet drop: 10994
Time: 0.508 Goodput: 0 Throughput: 1169.98 Queue: 32 Packet drop: 10994
Time: 0.509 Goodput: 0 Throughput: 1112.06 Queue: 0 Packet drop: 10994
Time: 0.51 Goodput: 0 Throughput: 0 Queue: 0 Packet drop: 10994
Time: 0.511 Goodput: 0 Throughput: 3405.7 Queue: 136 Packet drop: 10994
Time: 0.512 Goodput: 0 Throughput: 9649.47 Queue: 498 Packet drop: 10994
Time: 0.513 Goodput: 0 Throughput: 9649.47 Queue: 290 Packet drop: 10994
Time: 0.514 Goodput: 0 Throughput: 4726.27 Queue: 0 Packet drop: 10994
Time: 0.515 Goodput: 0 Throughput: 0 Queue: 0 Packet drop: 10994
Time: 0.516 Goodput: 0 Throughput: 0 Queue: 0 Packet drop: 10994
Time: 0.517 Goodput: 0 Throughput: 0 Queue: 0 Packet drop: 10994
Time: 0.518 Goodput: 1042.56 Throughput: 0 Queue: 0 Packet drop: 10994
Time: 0.519 Goodput: 1239.49 Throughput: 752.96 Queue: 0 Packet drop: 10994
Time: 0.52 Goodput: 0 Throughput: 127.424 Queue: 0 Packet drop: 10994
Time: 0.521 Goodput: 3278.27 Throughput: 9765.31 Queue: 29 Packet drop: 10994
Time: 0.522 Goodput: 9649.47 Throughput: 9637.89 Queue: 209 Packet drop: 10994
Time: 0.523 Goodput: 9649.47 Throughput: 4795.78 Queue: 0 Packet drop: 10994
Time: 0.524 Goodput: 4853.7 Throughput: 9753.73 Queue: 435 Packet drop: 10994
Time: 0.525 Goodput: 0 Throughput: 9649.47 Queue: 1086 Packet drop: 10994
Time: 0.526 Goodput: 0 Throughput: 9637.89 Queue: 1201 Packet drop: 10994
Time: 0.527 Goodput: 0 Throughput: 9649.47 Queue: 1332 Packet drop: 11663
Time: 0.528 Goodput: 0 Throughput: 9649.47 Queue: 1333 Packet drop: 12402
Time: 0.529 Goodput: 752.96 Throughput: 9637.89 Queue: 1333 Packet drop: 13452
Time: 0.53 Goodput: 0 Throughput: 9649.47 Queue: 1333 Packet drop: 14285
Time: 0.531 Goodput: 220.096 Throughput: 9649.47 Queue: 1333 Packet drop: 15118
Time: 0.532 Goodput: 6266.94 Throughput: 9637.89 Queue: 1333 Packet drop: 16244
Time: 0.533 Goodput: 2548.48 Throughput: 9649.47 Queue: 1333 Packet drop: 17616
Time: 0.534 Goodput: 0 Throughput: 9649.47 Queue: 1332 Packet drop: 18681
Time: 0.535 Goodput: 0 Throughput: 9637.89 Queue: 1333 Packet drop: 19495
Time: 0.536 Goodput: 0 Throughput: 9649.47 Queue: 1313 Packet drop: 20274
Time: 0.537 Goodput: 0 Throughput: 9649.47 Queue: 1332 Packet drop: 20383
Time: 0.538 Goodput: 0 Throughput: 9637.89 Queue: 1332 Packet drop: 21247
Time: 0.539 Goodput: 0 Throughput: 9649.47 Queue: 1332 Packet drop: 21918
Time: 0.54 Goodput: 0 Throughput: 9637.89 Queue: 993 Packet drop: 22238
Time: 0.541 Goodput: 0 Throughput: 9649.47 Queue: 160 Packet drop: 22238
Time: 0.542 Goodput: 0 Throughput: 1853.44 Queue: 0 Packet drop: 22238
Time: 0.543 Goodput: 0 Throughput: 0 Queue: 0 Packet drop: 22238
Time: 0.544 Goodput: 0 Throughput: 0 Queue: 0 Packet drop: 22238
Time: 0.545 Goodput: 0 Throughput: 0 Queue: 0 Packet drop: 22238
Time: 0.546 Goodput: 11.584 Throughput: 0 Queue: 0 Packet drop: 22238
Time: 0.547 Goodput: 0 Throughput: 0 Queue: 0 Packet drop: 22238
Time: 0.548 Goodput: 0 Throughput: 1251.07 Queue: 51 Packet drop: 22238
Time: 0.549 Goodput: 0 Throughput: 3394.11 Queue: 0 Packet drop: 22238
Time: 0.55 Goodput: 0 Throughput: 0 Queue: 0 Packet drop: 22238
Time: 0.551 Goodput: 0 Throughput: 3486.78 Queue: 242 Packet drop: 22238
Time: 0.552 Goodput: 0 Throughput: 9649.47 Queue: 1075 Packet drop: 22238
Time: 0.553 Goodput: 0 Throughput: 9649.47 Queue: 1332 Packet drop: 22469
Time: 0.554 Goodput: 0 Throughput: 9637.89 Queue: 1333 Packet drop: 22469
Time: 0.555 Goodput: 0 Throughput: 9649.47 Queue: 958 Packet drop: 22469
Time: 0.556 Goodput: 0 Throughput: 9649.47 Queue: 125 Packet drop: 22469
Time: 0.557 Goodput: 0 Throughput: 1448 Queue: 0 Packet drop: 22469
Time: 0.558 Goodput: 1123.65 Throughput: 0 Queue: 0 Packet drop: 22469
Time: 0.559 Goodput: 3521.54 Throughput: 1529.09 Queue: 0 Packet drop: 22469
Time: 0.56 Goodput: 0 Throughput: 92.672 Queue: 0 Packet drop: 22469
Time: 0.561 Goodput: 3359.36 Throughput: 9765.31 Queue: 25 Packet drop: 22469
Time: 0.562 Goodput: 9649.47 Throughput: 9649.47 Queue: 858 Packet drop: 22469
Time: 0.563 Goodput: 9649.47 Throughput: 9637.89 Queue: 1333 Packet drop: 22640
Time: 0.564 Goodput: 9383.04 Throughput: 9649.47 Queue: 1333 Packet drop: 23082
Time: 0.565 Goodput: 0 Throughput: 9649.47 Queue: 1332 Packet drop: 23914
Time: 0.566 Goodput: 0 Throughput: 9637.89 Queue: 1333 Packet drop: 24747
Time: 0.567 Goodput: 0 Throughput: 9649.47 Queue: 1332 Packet drop: 24871
Time: 0.568 Goodput: 0 Throughput: 9649.47 Queue: 1332 Packet drop: 25482
Time: 0.569 Goodput: 1529.09 Throughput: 9637.89 Queue: 1333 Packet drop: 26624
Time: 0.57 Goodput: 0 Throughput: 9649.47 Queue: 1332 Packet drop: 27674
Time: 0.571 Goodput: 196.928 Throughput: 9649.47 Queue: 1332 Packet drop: 28539
Time: 0.572 Goodput: 4818.94 Throughput: 9637.89 Queue: 1333 Packet drop: 28539
Time: 0.573 Goodput: 4818.94 Throughput: 9649.47 Queue: 1333 Packet drop: 28623
Time: 0.574 Goodput: 4830.53 Throughput: 9637.89 Queue: 1333 Packet drop: 28748
Time: 0.575 Goodput: 3730.05 Throughput: 9649.47 Queue: 1333 Packet drop: 28755
Time: 0.576 Goodput: 0 Throughput: 9649.47 Queue: 1083 Packet drop: 28780
Time: 0.577 Goodput: 0 Throughput: 9637.89 Queue: 795 Packet drop: 28780
Time: 0.578 Goodput: 0 Throughput: 9649.47 Queue: 791 Packet drop: 28780
Time: 0.579 Goodput: 0 Throughput: 9649.47 Queue: 1332 Packet drop: 29299
Time: 0.58 Goodput: 0 Throughput: 9637.89 Queue: 1333 Packet drop: 30333
Time: 0.581 Goodput: 0 Throughput: 9649.47 Queue: 1332 Packet drop: 31243
Time: 0.582 Goodput: 0 Throughput: 9649.47 Queue: 1332 Packet drop: 31747
Time: 0.583 Goodput: 0 Throughput: 9637.89 Queue: 1333 Packet drop: 31998
Time: 0.584 Goodput: 0 Throughput: 9649.47 Queue: 1169 Packet drop: 32140
Time: 0.585 Goodput: 0 Throughput: 9637.89 Queue: 797 Packet drop: 32140
Time: 0.586 Goodput: 0 Throughput: 9649.47 Queue: 424 Packet drop: 32140
Time: 0.587 Goodput: 0 Throughput: 9649.47 Queue: 51 Packet drop: 32140
Time: 0.588 Goodput: 0 Throughput: 6533.38 Queue: 87 Packet drop: 32140
Time: 0.589 Goodput: 0 Throughput: 9637.89 Queue: 392 Packet drop: 32140
Time: 0.59 Goodput: 0 Throughput: 9649.47 Queue: 19 Packet drop: 32140
Time: 0.591 Goodput: 0 Throughput: 7158.91 Queue: 337 Packet drop: 32140
Time: 0.592 Goodput: 0 Throughput: 9649.47 Queue: 1332 Packet drop: 32229
Time: 0.593 Goodput: 0 Throughput: 9637.89 Queue: 1333 Packet drop: 33312
Time: 0.594 Goodput: 0 Throughput: 9649.47 Queue: 1332 Packet drop: 33937
Time: 0.595 Goodput: 0 Throughput: 9637.89 Queue: 1333 Packet drop: 34528
Time: 0.596 Goodput: 0 Throughput: 9649.47 Queue: 1332 Packet drop: 34914
Time: 0.597 Goodput: 46.336 Throughput: 9649.47 Queue: 1332 Packet drop: 34914
Time: 0.598 Goodput: 0 Throughput: 9637.89 Queue: 1333 Packet drop: 34914
Time: 0.599 Goodput: 0 Throughput: 9649.47 Queue: 861 Packet drop: 34914
Time: 0.6 Goodput: 0 Throughput: 9649.47 Queue: 34 Packet drop: 34914
Time: 0.601 Goodput: 0 Throughput: 9637.89 Queue: 66 Packet drop: 34914
Time: 0.602 Goodput: 0 Throughput: 9649.47 Queue: 898 Packet drop: 34914
Time: 0.603 Goodput: 0 Throughput: 9649.47 Queue: 1332 Packet drop: 35313
Time: 0.604 Goodput: 0 Throughput: 9637.89 Queue: 1332 Packet drop: 36145
Time: 0.605 Goodput: 0 Throughput: 9649.47 Queue: 1332 Packet drop: 36849
Time: 0.606 Goodput: 0 Throughput: 9637.89 Queue: 1333 Packet drop: 37270
Time: 0.607 Goodput: 11.584 Throughput: 9649.47 Queue: 1138 Packet drop: 37489
Time: 0.608 Goodput: 0 Throughput: 9649.47 Queue: 961 Packet drop: 37489
Time: 0.609 Goodput: 0 Throughput: 9637.89 Queue: 1333 Packet drop: 37748
Time: 0.61 Goodput: 2664.32 Throughput: 9649.47 Queue: 1333 Packet drop: 39262
Time: 0.611 Goodput: 451.776 Throughput: 9649.47 Queue: 1332 Packet drop: 40467
Time: 0.612 Goodput: 4749.44 Throughput: 9637.89 Queue: 1332 Packet drop: 41571
Time: 0.613 Goodput: 4818.94 Throughput: 9649.47 Queue: 1216 Packet drop: 41744
Time: 0.614 Goodput: 4818.94 Throughput: 9649.47 Queue: 843 Packet drop: 41744
Time: 0.615 Goodput: 9000.77 Throughput: 9637.89 Queue: 815 Packet drop: 41744
Time: 0.616 Goodput: 9637.89 Throughput: 9649.47 Queue: 466 Packet drop: 41744
Time: 0.617 Goodput: 4425.09 Throughput: 9649.47 Queue: 179 Packet drop: 41744
Time: 0.618 Goodput: 0 Throughput: 9556.8 Queue: 0 Packet drop: 41744
Time: 0.619 Goodput: 0 Throughput: 8780.67 Queue: 251 Packet drop: 41744
Time: 0.62 Goodput: 0 Throughput: 9649.47 Queue: 1226 Packet drop: 41744
Time: 0.621 Goodput: 0 Throughput: 9637.89 Queue: 1333 Packet drop: 42757
Time: 0.622 Goodput: 0 Throughput: 9649.47 Queue: 1332 Packet drop: 43755
Time: 0.623 Goodput: 0 Throughput: 9649.47 Queue: 1332 Packet drop: 44582
Time: 0.624 Goodput: 0 Throughput: 9637.89 Queue: 1333 Packet drop: 44833
Time: 0.625 Goodput: 0 Throughput: 9649.47 Queue: 1332 Packet drop: 45086
Time: 0.626 Goodput: 0 Throughput: 9637.89 Queue: 1333 Packet drop: 45338
Time: 0.627 Goodput: 0 Throughput: 9649.47 Queue: 1100 Packet drop: 45382
Time: 0.628 Goodput: 0 Throughput: 9649.47 Queue: 659 Packet drop: 45382
Time: 0.629 Goodput: 0 Throughput: 9637.89 Queue: 1333 Packet drop: 45408
Time: 0.63 Goodput: 0 Throughput: 9649.47 Queue: 951 Packet drop: 45495
Time: 0.631 Goodput: 0 Throughput: 9649.47 Queue: 813 Packet drop: 45495
Time: 0.632 Goodput: 0 Throughput: 9637.89 Queue: 1333 Packet drop: 45686
Time: 0.633 Goodput: 0 Throughput: 9649.47 Queue: 1333 Packet drop: 46395
Time: 0.634 Goodput: 0 Throughput: 9649.47 Queue: 1332 Packet drop: 46894
Time: 0.635 Goodput: 0 Throughput: 9637.89 Queue: 1333 Packet drop: 47244
Time: 0.636 Goodput: 0 Throughput: 9649.47 Queue: 1333 Packet drop: 47791
Time: 0.637 Goodput: 0 Throughput: 9637.89 Queue: 1333 Packet drop: 48546
Time: 0.638 Goodput: 0 Throughput: 9649.47 Queue: 1333 Packet drop: 49558
Time: 0.639 Goodput: 0 Throughput: 9649.47 Queue: 1332 Packet drop: 50666
Time: 0.64 Goodput: 0 Throughput: 9637.89 Queue: 1333 Packet drop: 51227
Time: 0.641 Goodput: 0 Throughput: 9649.47 Queue: 1333 Packet drop: 52671
Time: 0.642 Goodput: 0 Throughput: 9649.47 Queue: 1333 Packet drop: 54394
Time: 0.643 Goodput: 0 Throughput: 9637.89 Queue: 1333 Packet drop: 55552
Time: 0.644 Goodput: 0 Throughput: 9649.47 Queue: 1333 Packet drop: 56453
Time: 0.645 Goodput: 0 Throughput: 9649.47 Queue: 1332 Packet drop: 57353
Time: 0.646 Goodput: 0 Throughput: 9637.89 Queue: 1333 Packet drop: 57585
Time: 0.647 Goodput: 0 Throughput: 9649.47 Queue: 1333 Packet drop: 58103
Time: 0.648 Goodput: 0 Throughput: 9649.47 Queue: 1332 Packet drop: 59003
Time: 0.649 Goodput: 0 Throughput: 9637.89 Queue: 1333 Packet drop: 59579
Time: 0.65 Goodput: 0 Throughput: 9649.47 Queue: 1333 Packet drop: 60479
Time: 0.651 Goodput: 11.584 Throughput: 9637.89 Queue: 1333 Packet drop: 61800
Time: 0.652 Goodput: 11.584 Throughput: 9649.47 Queue: 1333 Packet drop: 62836
Time: 0.653 Goodput: 0 Throughput: 9649.47 Queue: 1333 Packet drop: 63438
Time: 0.654 Goodput: 0 Throughput: 9637.89 Queue: 1333 Packet drop: 64251
Time: 0.655 Goodput: 0 Throughput: 9649.47 Queue: 1231 Packet drop: 64409
Time: 0.656 Goodput: 0 Throughput: 9649.47 Queue: 1281 Packet drop: 64501
Time: 0.657 Goodput: 0 Throughput: 9637.89 Queue: 803 Packet drop: 64501
Time: 0.658 Goodput: 0 Throughput: 9649.47 Queue: 770 Packet drop: 64501
Time: 0.659 Goodput: 0 Throughput: 9649.47 Queue: 825 Packet drop: 64501
Time: 0.66 Goodput: 0 Throughput: 9637.89 Queue: 1333 Packet drop: 64514
Time: 0.661 Goodput: 0 Throughput: 9649.47 Queue: 1333 Packet drop: 65268
Time: 0.662 Goodput: 0 Throughput: 9637.89 Queue: 1333 Packet drop: 65987
Time: 0.663 Goodput: 0 Throughput: 9649.47 Queue: 1333 Packet drop: 66681
Time: 0.664 Goodput: 0 Throughput: 9649.47 Queue: 1332 Packet drop: 66971
Time: 0.665 Goodput: 0 Throughput: 9637.89 Queue: 1333 Packet drop: 67169
Time: 0.666 Goodput: 0 Throughput: 9649.47 Queue: 1333 Packet drop: 67237
Time: 0.667 Goodput: 0 Throughput: 9649.47 Queue: 1332 Packet drop: 67305
Time: 0.668 Goodput: 0 Throughput: 9637.89 Queue: 1333 Packet drop: 67373
Time: 0.669 Goodput: 0 Throughput: 9649.47 Queue: 1332 Packet drop: 67901
Time: 0.67 Goodput: 0 Throughput: 9649.47 Queue: 1332 Packet drop: 69398
Time: 0.671 Goodput: 0 Throughput: 9637.89 Queue: 1333 Packet drop: 70619
Time: 0.672 Goodput: 0 Throughput: 9649.47 Queue: 1333 Packet drop: 71309
Time: 0.673 Goodput: 0 Throughput: 9649.47 Queue: 1333 Packet drop: 72181
Time: 0.674 Goodput: 0 Throughput: 9637.89 Queue: 1333 Packet drop: 72990
Time: 0.675 Goodput: 0 Throughput: 9649.47 Queue: 1333 Packet drop: 73767
Time: 0.676 Goodput: 11.584 Throughput: 9637.89 Queue: 1333 Packet drop: 74623
Time: 0.677 Goodput: 0 Throughput: 9649.47 Queue: 1332 Packet drop: 75388
Time: 0.678 Goodput: 0 Throughput: 9649.47 Queue: 1332 Packet drop: 76297
Time: 0.679 Goodput: 0 Throughput: 9637.89 Queue: 1333 Packet drop: 77145
Time: 0.68 Goodput: 0 Throughput: 9649.47 Queue: 1332 Packet drop: 77421
Time: 0.681 Goodput: 0 Throughput: 9649.47 Queue: 1332 Packet drop: 77904
Time: 0.682 Goodput: 0 Throughput: 9637.89 Queue: 1333 Packet drop: 79546
Time: 0.683 Goodput: 0 Throughput: 9649.47 Queue: 1333 Packet drop: 80230
Time: 0.684 Goodput: 0 Throughput: 9649.47 Queue: 1332 Packet drop: 80869
Time: 0.685 Goodput: 0 Throughput: 9637.89 Queue: 1333 Packet drop: 81154
Time: 0.686 Goodput: 0 Throughput: 9649.47 Queue: 1333 Packet drop: 81804
Time: 0.687 Goodput: 0 Throughput: 9637.89 Queue: 1333 Packet drop: 82238
Time: 0.688 Goodput: 0 Throughput: 9649.47 Queue: 1333 Packet drop: 83346
Time: 0.689 Goodput: 0 Throughput: 9649.47 Queue: 1333 Packet drop: 84073
Time: 0.69 Goodput: 0 Throughput: 9637.89 Queue: 1333 Packet drop: 84615
Time: 0.691 Goodput: 0 Throughput: 9649.47 Queue: 1333 Packet drop: 85556
Time: 0.692 Goodput: 0 Throughput: 9649.47 Queue: 1332 Packet drop: 86123
Time: 0.693 Goodput: 0 Throughput: 9637.89 Queue: 1333 Packet drop: 87230
Time: 0.694 Goodput: 0 Throughput: 9649.47 Queue: 1333 Packet drop: 88636
Time: 0.695 Goodput: 0 Throughput: 9649.47 Queue: 1332 Packet drop: 90171
Time: 0.696 Goodput: 0 Throughput: 9637.89 Queue: 1333 Packet drop: 91809
Time: 0.697 Goodput: 0 Throughput: 9649.47 Queue: 1333 Packet drop: 93886
Time: 0.698 Goodput: 0 Throughput: 9649.47 Queue: 1332 Packet drop: 95780
Time: 0.699 Goodput: 0 Throughput: 9637.89 Queue: 1332 Packet drop: 97212
Time: 0.7 Goodput: 0 Throughput: 9649.47 Queue: 1331 Packet drop: 97637
Time: 0.701 Goodput: 0 Throughput: 9637.89 Queue: 1333 Packet drop: 98163
Time: 0.702 Goodput: 0 Throughput: 9649.47 Queue: 1333 Packet drop: 98986
Time: 0.703 Goodput: 0 Throughput: 9649.47 Queue: 1333 Packet drop: 99852
Time: 0.704 Goodput: 0 Throughput: 9637.89 Queue: 1333 Packet drop: 100813
Time: 0.705 Goodput: 0 Throughput: 9649.47 Queue: 1333 Packet drop: 101509
Time: 0.706 Goodput: 0 Throughput: 9649.47 Queue: 1332 Packet drop: 101874
Time: 0.707 Goodput: 0 Throughput: 9637.89 Queue: 1333 Packet drop: 102052
Time: 0.708 Goodput: 0 Throughput: 9649.47 Queue: 1332 Packet drop: 102212
Time: 0.709 Goodput: 0 Throughput: 9649.47 Queue: 1332 Packet drop: 102372
Time: 0.71 Goodput: 0 Throughput: 9637.89 Queue: 1332 Packet drop: 102532
Time: 0.711 Goodput: 0 Throughput: 9649.47 Queue: 1332 Packet drop: 103307
Time: 0.712 Goodput: 0 Throughput: 9637.89 Queue: 1333 Packet drop: 104215
Time: 0.713 Goodput: 0 Throughput: 9649.47 Queue: 1332 Packet drop: 104816
Time: 0.714 Goodput: 0 Throughput: 9649.47 Queue: 1332 Packet drop: 105817
Time: 0.715 Goodput: 0 Throughput: 9637.89 Queue: 1333 Packet drop: 106926
Time: 0.716 Goodput: 0 Throughput: 9649.47 Queue: 1332 Packet drop: 108270
Time: 0.717 Goodput: 0 Throughput: 9649.47 Queue: 1332 Packet drop: 109599
Time: 0.718 Goodput: 0 Throughput: 9637.89 Queue: 1333 Packet drop: 111184
Time: 0.719 Goodput: 0 Throughput: 9649.47 Queue: 1333 Packet drop: 112666
Time: 0.72 Goodput: 0 Throughput: 9649.47 Queue: 1332 Packet drop: 113837
Time: 0.721 Goodput: 0 Throughput: 9637.89 Queue: 1333 Packet drop: 115026
Time: 0.722 Goodput: 0 Throughput: 9649.47 Queue: 1333 Packet drop: 116226
Time: 0.723 Goodput: 0 Throughput: 9637.89 Queue: 1333 Packet drop: 117447
Time: 0.724 Goodput: 0 Throughput: 9649.47 Queue: 1333 Packet drop: 119390
