0 11 21 20001 20001 49073335 0.182142275
1 9 21 20001 20002 45075538 0.196976652
2 1 21 20001 20003 50302384 0.452218227
3 7 21 20001 20004 147305344 0.623350927
4 14 21 20001 20005 49118118 0.682202016
5 2 21 20001 20006 98268110 0.806785028
6 3 21 20001 20007 196505050 0.833922202
7 14 21 20002 20008 49122891 0.864710163
8 12 21 20001 20009 98129804 0.906102273
9 5 21 20001 20010 98062721 1.358800522
10 11 21 20002 20011 49058733 1.428343093
11 14 21 20003 20012 57216408 1.432132463
12 17 21 20001 20013 98239634 1.842212885
13 12 21 20002 20014 98086992 1.971109851
14 10 21 20001 20015 2488305 2.275664160
15 5 21 20002 20016 98183611 2.435466931
16 15 21 20001 20017 49138422 2.498980269
17 18 21 20001 20018 52138398 2.714292926
18 10 21 20002 20019 146468982 2.864360937
19 15 21 20002 20020 40456318 2.905042763
20 14 21 20004 20021 49083293 3.213979070
21 14 21 20005 20022 98113788 3.356466053
22 11 21 20003 20023 49106513 3.450069250
23 11 21 20004 20024 2592351 3.475783943
24 19 21 20001 20025 6388526 3.505120535
25 19 21 20002 20026 49085513 3.651934725
26 14 21 20006 20027 98074965 4.016944842
27 13 21 20001 20028 3588253 4.446961990
28 17 21 20002 20029 49133442 4.448935129
29 16 21 20001 20030 98275934 4.557348352
30 8 21 20001 20031 49084763 4.601625884
31 9 21 20002 20032 84398952 4.650037985
32 15 21 20003 20033 49113763 4.669476329
33 15 21 20004 20034 98217067 4.710377931
34 12 21 20003 20035 98059977 4.725613985
35 18 21 20002 20036 49094811 4.778257527
36 17 21 20003 20037 49087968 4.847718789
